# JRE version: Java(TM) SE Runtime Environment (8.0_181-b13) (build 1.8.0_181-b13)
# Java VM: Java HotSpot(TM) 64-Bit Server VM (25.181-b13 mixed mode bsd-amd64 compressed oops)
Heap:
 PSYoungGen      total 113664K, used 5088K [0x00000007ab300000, 0x00000007b9900000, 0x00000007c0000000)
  eden space 108544K, 0% used [0x00000007ab300000,0x00000007ab300000,0x00000007b1d00000)
  from space 5120K, 99% used [0x00000007b3500000,0x00000007b39f8010,0x00000007b3a00000)
  to   space 63488K, 0% used [0x00000007b5b00000,0x00000007b5b00000,0x00000007b9900000)
 ParOldGen       total 156160K, used 147349K [0x0000000781800000, 0x000000078b080000, 0x00000007ab300000)
  object space 156160K, 94% used [0x0000000781800000,0x000000078a7e5500,0x000000078b080000)
 Metaspace       used 6333K, capacity 6548K, committed 6784K, reserved 1056768K
  class space    used 683K, capacity 770K, committed 896K, reserved 1048576K
GC Heap History (10 events):
Event: 0.569 GC heap after
Heap after GC invocations=2 (full 0):
 PSYoungGen      total 71680K, used 5104K [0x00000007ab300000, 0x00000007afe00000, 0x00000007c0000000)
  eden space 66560K, 0% used [0x00000007ab300000,0x00000007ab300000,0x00000007af400000)
  from space 5120K, 99% used [0x00000007af900000,0x00000007afdfc040,0x00000007afe00000)
  to   space 5120K, 0% used [0x00000007af400000,0x00000007af400000,0x00000007af900000)
 ParOldGen       total 87552K, used 26654K [0x0000000781800000, 0x0000000786d80000, 0x00000007ab300000)
  object space 87552K, 30% used [0x0000000781800000,0x00000007832079a0,0x0000000786d80000)
 Metaspace       used 6280K, capacity 6512K, committed 6656K, reserved 1056768K
  class space    used 678K, capacity 764K, committed 768K, reserved 1048576K
}
Event: 0.823 GC heap before
{Heap before GC invocations=3 (full 0):
 PSYoungGen      total 71680K, used 69463K [0x00000007ab300000, 0x00000007afe00000, 0x00000007c0000000)
  eden space 66560K, 96% used [0x00000007ab300000,0x00000007af1d9be8,0x00000007af400000)
  from space 5120K, 99% used [0x00000007af900000,0x00000007afdfc040,0x00000007afe00000)
  to   space 5120K, 0% used [0x00000007af400000,0x00000007af400000,0x00000007af900000)
 ParOldGen       total 87552K, used 26654K [0x0000000781800000, 0x0000000786d80000, 0x00000007ab300000)
  object space 87552K, 30% used [0x0000000781800000,0x00000007832079a0,0x0000000786d80000)
 Metaspace       used 6333K, capacity 6548K, committed 6784K, reserved 1056768K
  class space    used 683K, capacity 770K, committed 896K, reserved 1048576K
Event: 0.851 GC heap after
Heap after GC invocations=3 (full 0):
 PSYoungGen      total 71680K, used 5100K [0x00000007ab300000, 0x00000007b3f00000, 0x00000007c0000000)
  eden space 66560K, 0% used [0x00000007ab300000,0x00000007ab300000,0x00000007af400000)
  from space 5120K, 99% used [0x00000007af400000,0x00000007af8fb000,0x00000007af900000)
  to   space 5120K, 0% used [0x00000007b3a00000,0x00000007b3a00000,0x00000007b3f00000)
 ParOldGen       total 87552K, used 60630K [0x0000000781800000, 0x0000000786d80000, 0x00000007ab300000)
  object space 87552K, 69% used [0x0000000781800000,0x00000007853359e0,0x0000000786d80000)
 Metaspace       used 6333K, capacity 6548K, committed 6784K, reserved 1056768K
  class space    used 683K, capacity 770K, committed 896K, reserved 1048576K
}
Event: 0.851 GC heap before
{Heap before GC invocations=4 (full 1):
 PSYoungGen      total 71680K, used 5100K [0x00000007ab300000, 0x00000007b3f00000, 0x00000007c0000000)
  eden space 66560K, 0% used [0x00000007ab300000,0x00000007ab300000,0x00000007af400000)
  from space 5120K, 99% used [0x00000007af400000,0x00000007af8fb000,0x00000007af900000)
  to   space 5120K, 0% used [0x00000007b3a00000,0x00000007b3a00000,0x00000007b3f00000)
 ParOldGen       total 87552K, used 60630K [0x0000000781800000, 0x0000000786d80000, 0x00000007ab300000)
  object space 87552K, 69% used [0x0000000781800000,0x00000007853359e0,0x0000000786d80000)
 Metaspace       used 6333K, capacity 6548K, committed 6784K, reserved 1056768K
  class space    used 683K, capacity 770K, committed 896K, reserved 1048576K
Event: 1.190 GC heap after
Heap after GC invocations=4 (full 1):
 PSYoungGen      total 71680K, used 0K [0x00000007ab300000, 0x00000007b3f00000, 0x00000007c0000000)
  eden space 66560K, 0% used [0x00000007ab300000,0x00000007ab300000,0x00000007af400000)
  from space 5120K, 0% used [0x00000007af400000,0x00000007af400000,0x00000007af900000)
  to   space 5120K, 0% used [0x00000007b3a00000,0x00000007b3a00000,0x00000007b3f00000)
 ParOldGen       total 156160K, used 61533K [0x0000000781800000, 0x000000078b080000, 0x00000007ab300000)
  object space 156160K, 39% used [0x0000000781800000,0x00000007854174c0,0x000000078b080000)
 Metaspace       used 6333K, capacity 6548K, committed 6784K, reserved 1056768K
  class space    used 683K, capacity 770K, committed 896K, reserved 1048576K
}
Event: 1.299 GC heap before
{Heap before GC invocations=5 (full 1):
 PSYoungGen      total 71680K, used 66560K [0x00000007ab300000, 0x00000007b3f00000, 0x00000007c0000000)
  eden space 66560K, 100% used [0x00000007ab300000,0x00000007af400000,0x00000007af400000)
  from space 5120K, 0% used [0x00000007af400000,0x00000007af400000,0x00000007af900000)
  to   space 5120K, 0% used [0x00000007b3a00000,0x00000007b3a00000,0x00000007b3f00000)
 ParOldGen       total 156160K, used 61533K [0x0000000781800000, 0x000000078b080000, 0x00000007ab300000)
  object space 156160K, 39% used [0x0000000781800000,0x00000007854174c0,0x000000078b080000)
 Metaspace       used 6333K, capacity 6548K, committed 6784K, reserved 1056768K
  class space    used 683K, capacity 770K, committed 896K, reserved 1048576K
Event: 1.329 GC heap after
Heap after GC invocations=5 (full 1):
 PSYoungGen      total 87040K, used 5120K [0x00000007ab300000, 0x00000007b3f00000, 0x00000007c0000000)
  eden space 81920K, 0% used [0x00000007ab300000,0x00000007ab300000,0x00000007b0300000)
  from space 5120K, 100% used [0x00000007b3a00000,0x00000007b3f00000,0x00000007b3f00000)
  to   space 5120K, 0% used [0x00000007b3500000,0x00000007b3500000,0x00000007b3a00000)
 ParOldGen       total 156160K, used 94125K [0x0000000781800000, 0x000000078b080000, 0x00000007ab300000)
  object space 156160K, 60% used [0x0000000781800000,0x00000007873eb4e0,0x000000078b080000)
 Metaspace       used 6333K, capacity 6548K, committed 6784K, reserved 1056768K
  class space    used 683K, capacity 770K, committed 896K, reserved 1048576K
}
Event: 1.454 GC heap before
{Heap before GC invocations=6 (full 1):
 PSYoungGen      total 87040K, used 87040K [0x00000007ab300000, 0x00000007b3f00000, 0x00000007c0000000)
  eden space 81920K, 100% used [0x00000007ab300000,0x00000007b0300000,0x00000007b0300000)
  from space 5120K, 100% used [0x00000007b3a00000,0x00000007b3f00000,0x00000007b3f00000)
  to   space 5120K, 0% used [0x00000007b3500000,0x00000007b3500000,0x00000007b3a00000)
 ParOldGen       total 156160K, used 94125K [0x0000000781800000, 0x000000078b080000, 0x00000007ab300000)
  object space 156160K, 60% used [0x0000000781800000,0x00000007873eb4e0,0x000000078b080000)
 Metaspace       used 6333K, capacity 6548K, committed 6784K, reserved 1056768K
  class space    used 683K, capacity 770K, committed 896K, reserved 1048576K
Event: 1.506 GC heap after
Heap after GC invocations=6 (full 1):
 PSYoungGen      total 113664K, used 5088K [0x00000007ab300000, 0x00000007b9900000, 0x00000007c0000000)
  eden space 108544K, 0% used [0x00000007ab300000,0x00000007ab300000,0x00000007b1d00000)
  from space 5120K, 99% used [0x00000007b3500000,0x00000007b39f8010,0x00000007b3a00000)
  to   space 63488K, 0% used [0x00000007b5b00000,0x00000007b5b00000,0x00000007b9900000)
 ParOldGen       total 156160K, used 147349K [0x0000000781800000, 0x000000078b080000, 0x00000007ab300000)
  object space 156160K, 94% used [0x0000000781800000,0x000000078a7e5500,0x000000078b080000)
 Metaspace       used 6333K, capacity 6548K, committed 6784K, reserved 1056768K
  class space    used 683K, capacity 770K, committed 896K, reserved 1048576K
}
Event: 1.506 GC heap before
{Heap before GC invocations=7 (full 2):
 PSYoungGen      total 113664K, used 5088K [0x00000007ab300000, 0x00000007b9900000, 0x00000007c0000000)
  eden space 108544K, 0% used [0x00000007ab300000,0x00000007ab300000,0x00000007b1d00000)
  from space 5120K, 99% used [0x00000007b3500000,0x00000007b39f8010,0x00000007b3a00000)
  to   space 63488K, 0% used [0x00000007b5b00000,0x00000007b5b00000,0x00000007b9900000)
 ParOldGen       total 156160K, used 147349K [0x0000000781800000, 0x000000078b080000, 0x00000007ab300000)
  object space 156160K, 94% used [0x0000000781800000,0x000000078a7e5500,0x000000078b080000)
 Metaspace       used 6333K, capacity 6548K, committed 6784K, reserved 1056768K
  class space    used 683K, capacity 770K, committed 896K, reserved 1048576K

