# JRE version: Java(TM) SE Runtime Environment (8.0_181-b13) (build 1.8.0_181-b13)
# Java VM: Java HotSpot(TM) 64-Bit Server VM (25.181-b13 mixed mode bsd-amd64 compressed oops)
Heap:
 PSYoungGen      total 117760K, used 5088K [0x00000007ab300000, 0x00000007ba200000, 0x00000007c0000000)
  eden space 112640K, 0% used [0x00000007ab300000,0x00000007ab300000,0x00000007b2100000)
  from space 5120K, 99% used [0x00000007b3500000,0x00000007b39f8010,0x00000007b3a00000)
  to   space 66048K, 0% used [0x00000007b6180000,0x00000007b6180000,0x00000007ba200000)
 ParOldGen       total 156160K, used 148782K [0x0000000781800000, 0x000000078b080000, 0x00000007ab300000)
  object space 156160K, 95% used [0x0000000781800000,0x000000078a94bbc0,0x000000078b080000)
 Metaspace       used 6333K, capacity 6548K, committed 6784K, reserved 1056768K
  class space    used 683K, capacity 770K, committed 896K, reserved 1048576K
GC Heap History (10 events):
Event: 0.556 GC heap after
Heap after GC invocations=2 (full 0):
 PSYoungGen      total 71680K, used 5088K [0x00000007ab300000, 0x00000007afe00000, 0x00000007c0000000)
  eden space 66560K, 0% used [0x00000007ab300000,0x00000007ab300000,0x00000007af400000)
  from space 5120K, 99% used [0x00000007af900000,0x00000007afdf8050,0x00000007afe00000)
  to   space 5120K, 0% used [0x00000007af400000,0x00000007af400000,0x00000007af900000)
 ParOldGen       total 87552K, used 24544K [0x0000000781800000, 0x0000000786d80000, 0x00000007ab300000)
  object space 87552K, 28% used [0x0000000781800000,0x0000000782ff81a0,0x0000000786d80000)
 Metaspace       used 6280K, capacity 6512K, committed 6656K, reserved 1056768K
  class space    used 678K, capacity 764K, committed 768K, reserved 1048576K
}
Event: 0.807 GC heap before
{Heap before GC invocations=3 (full 0):
 PSYoungGen      total 71680K, used 70146K [0x00000007ab300000, 0x00000007afe00000, 0x00000007c0000000)
  eden space 66560K, 97% used [0x00000007ab300000,0x00000007af288980,0x00000007af400000)
  from space 5120K, 99% used [0x00000007af900000,0x00000007afdf8050,0x00000007afe00000)
  to   space 5120K, 0% used [0x00000007af400000,0x00000007af400000,0x00000007af900000)
 ParOldGen       total 87552K, used 24544K [0x0000000781800000, 0x0000000786d80000, 0x00000007ab300000)
  object space 87552K, 28% used [0x0000000781800000,0x0000000782ff81a0,0x0000000786d80000)
 Metaspace       used 6333K, capacity 6548K, committed 6784K, reserved 1056768K
  class space    used 683K, capacity 770K, committed 896K, reserved 1048576K
Event: 0.836 GC heap after
Heap after GC invocations=3 (full 0):
 PSYoungGen      total 71680K, used 5119K [0x00000007ab300000, 0x00000007b3f00000, 0x00000007c0000000)
  eden space 66560K, 0% used [0x00000007ab300000,0x00000007ab300000,0x00000007af400000)
  from space 5120K, 99% used [0x00000007af400000,0x00000007af8ffc90,0x00000007af900000)
  to   space 5120K, 0% used [0x00000007b3a00000,0x00000007b3a00000,0x00000007b3f00000)
 ParOldGen       total 87552K, used 58832K [0x0000000781800000, 0x0000000786d80000, 0x00000007ab300000)
  object space 87552K, 67% used [0x0000000781800000,0x0000000785174090,0x0000000786d80000)
 Metaspace       used 6333K, capacity 6548K, committed 6784K, reserved 1056768K
  class space    used 683K, capacity 770K, committed 896K, reserved 1048576K
}
Event: 0.836 GC heap before
{Heap before GC invocations=4 (full 1):
 PSYoungGen      total 71680K, used 5119K [0x00000007ab300000, 0x00000007b3f00000, 0x00000007c0000000)
  eden space 66560K, 0% used [0x00000007ab300000,0x00000007ab300000,0x00000007af400000)
  from space 5120K, 99% used [0x00000007af400000,0x00000007af8ffc90,0x00000007af900000)
  to   space 5120K, 0% used [0x00000007b3a00000,0x00000007b3a00000,0x00000007b3f00000)
 ParOldGen       total 87552K, used 58832K [0x0000000781800000, 0x0000000786d80000, 0x00000007ab300000)
  object space 87552K, 67% used [0x0000000781800000,0x0000000785174090,0x0000000786d80000)
 Metaspace       used 6333K, capacity 6548K, committed 6784K, reserved 1056768K
  class space    used 683K, capacity 770K, committed 896K, reserved 1048576K
Event: 1.124 GC heap after
Heap after GC invocations=4 (full 1):
 PSYoungGen      total 71680K, used 0K [0x00000007ab300000, 0x00000007b3f00000, 0x00000007c0000000)
  eden space 66560K, 0% used [0x00000007ab300000,0x00000007ab300000,0x00000007af400000)
  from space 5120K, 0% used [0x00000007af400000,0x00000007af400000,0x00000007af900000)
  to   space 5120K, 0% used [0x00000007b3a00000,0x00000007b3a00000,0x00000007b3f00000)
 ParOldGen       total 156160K, used 61566K [0x0000000781800000, 0x000000078b080000, 0x00000007ab300000)
  object space 156160K, 39% used [0x0000000781800000,0x000000078541fb80,0x000000078b080000)
 Metaspace       used 6333K, capacity 6548K, committed 6784K, reserved 1056768K
  class space    used 683K, capacity 770K, committed 896K, reserved 1048576K
}
Event: 1.234 GC heap before
{Heap before GC invocations=5 (full 1):
 PSYoungGen      total 71680K, used 66560K [0x00000007ab300000, 0x00000007b3f00000, 0x00000007c0000000)
  eden space 66560K, 100% used [0x00000007ab300000,0x00000007af400000,0x00000007af400000)
  from space 5120K, 0% used [0x00000007af400000,0x00000007af400000,0x00000007af900000)
  to   space 5120K, 0% used [0x00000007b3a00000,0x00000007b3a00000,0x00000007b3f00000)
 ParOldGen       total 156160K, used 61566K [0x0000000781800000, 0x000000078b080000, 0x00000007ab300000)
  object space 156160K, 39% used [0x0000000781800000,0x000000078541fb80,0x000000078b080000)
 Metaspace       used 6333K, capacity 6548K, committed 6784K, reserved 1056768K
  class space    used 683K, capacity 770K, committed 896K, reserved 1048576K
Event: 1.265 GC heap after
Heap after GC invocations=5 (full 1):
 PSYoungGen      total 88576K, used 5120K [0x00000007ab300000, 0x00000007b3f00000, 0x00000007c0000000)
  eden space 83456K, 0% used [0x00000007ab300000,0x00000007ab300000,0x00000007b0480000)
  from space 5120K, 100% used [0x00000007b3a00000,0x00000007b3f00000,0x00000007b3f00000)
  to   space 5120K, 0% used [0x00000007b3500000,0x00000007b3500000,0x00000007b3a00000)
 ParOldGen       total 156160K, used 94806K [0x0000000781800000, 0x000000078b080000, 0x00000007ab300000)
  object space 156160K, 60% used [0x0000000781800000,0x0000000787495ba0,0x000000078b080000)
 Metaspace       used 6333K, capacity 6548K, committed 6784K, reserved 1056768K
  class space    used 683K, capacity 770K, committed 896K, reserved 1048576K
}
Event: 1.383 GC heap before
{Heap before GC invocations=6 (full 1):
 PSYoungGen      total 88576K, used 88576K [0x00000007ab300000, 0x00000007b3f00000, 0x00000007c0000000)
  eden space 83456K, 100% used [0x00000007ab300000,0x00000007b0480000,0x00000007b0480000)
  from space 5120K, 100% used [0x00000007b3a00000,0x00000007b3f00000,0x00000007b3f00000)
  to   space 5120K, 0% used [0x00000007b3500000,0x00000007b3500000,0x00000007b3a00000)
 ParOldGen       total 156160K, used 94806K [0x0000000781800000, 0x000000078b080000, 0x00000007ab300000)
  object space 156160K, 60% used [0x0000000781800000,0x0000000787495ba0,0x000000078b080000)
 Metaspace       used 6333K, capacity 6548K, committed 6784K, reserved 1056768K
  class space    used 683K, capacity 770K, committed 896K, reserved 1048576K
Event: 1.432 GC heap after
Heap after GC invocations=6 (full 1):
 PSYoungGen      total 117760K, used 5088K [0x00000007ab300000, 0x00000007ba200000, 0x00000007c0000000)
  eden space 112640K, 0% used [0x00000007ab300000,0x00000007ab300000,0x00000007b2100000)
  from space 5120K, 99% used [0x00000007b3500000,0x00000007b39f8010,0x00000007b3a00000)
  to   space 66048K, 0% used [0x00000007b6180000,0x00000007b6180000,0x00000007ba200000)
 ParOldGen       total 156160K, used 148782K [0x0000000781800000, 0x000000078b080000, 0x00000007ab300000)
  object space 156160K, 95% used [0x0000000781800000,0x000000078a94bbc0,0x000000078b080000)
 Metaspace       used 6333K, capacity 6548K, committed 6784K, reserved 1056768K
  class space    used 683K, capacity 770K, committed 896K, reserved 1048576K
}
Event: 1.432 GC heap before
{Heap before GC invocations=7 (full 2):
 PSYoungGen      total 117760K, used 5088K [0x00000007ab300000, 0x00000007ba200000, 0x00000007c0000000)
  eden space 112640K, 0% used [0x00000007ab300000,0x00000007ab300000,0x00000007b2100000)
  from space 5120K, 99% used [0x00000007b3500000,0x00000007b39f8010,0x00000007b3a00000)
  to   space 66048K, 0% used [0x00000007b6180000,0x00000007b6180000,0x00000007ba200000)
 ParOldGen       total 156160K, used 148782K [0x0000000781800000, 0x000000078b080000, 0x00000007ab300000)
  object space 156160K, 95% used [0x0000000781800000,0x000000078a94bbc0,0x000000078b080000)
 Metaspace       used 6333K, capacity 6548K, committed 6784K, reserved 1056768K
  class space    used 683K, capacity 770K, committed 896K, reserved 1048576K

