# JRE version: Java(TM) SE Runtime Environment (8.0_181-b13) (build 1.8.0_181-b13)
# Java VM: Java HotSpot(TM) 64-Bit Server VM (25.181-b13 mixed mode bsd-amd64 compressed oops)
Heap:
 PSYoungGen      total 71680K, used 5093K [0x00000007ab300000, 0x00000007b3f00000, 0x00000007c0000000)
  eden space 66560K, 0% used [0x00000007ab300000,0x00000007ab300000,0x00000007af400000)
  from space 5120K, 99% used [0x00000007af400000,0x00000007af8f9580,0x00000007af900000)
  to   space 5120K, 0% used [0x00000007b3a00000,0x00000007b3a00000,0x00000007b3f00000)
 ParOldGen       total 87552K, used 60277K [0x0000000781800000, 0x0000000786d80000, 0x00000007ab300000)
  object space 87552K, 68% used [0x0000000781800000,0x00000007852dd710,0x0000000786d80000)
 Metaspace       used 6333K, capacity 6548K, committed 6784K, reserved 1056768K
  class space    used 683K, capacity 770K, committed 896K, reserved 1048576K
GC Heap History (7 events):
Event: 0.443 GC heap before
{Heap before GC invocations=1 (full 0):
 PSYoungGen      total 38400K, used 33280K [0x00000007ab300000, 0x00000007add80000, 0x00000007c0000000)
  eden space 33280K, 100% used [0x00000007ab300000,0x00000007ad380000,0x00000007ad380000)
  from space 5120K, 0% used [0x00000007ad880000,0x00000007ad880000,0x00000007add80000)
  to   space 5120K, 0% used [0x00000007ad380000,0x00000007ad380000,0x00000007ad880000)
 ParOldGen       total 87552K, used 0K [0x0000000781800000, 0x0000000786d80000, 0x00000007ab300000)
  object space 87552K, 0% used [0x0000000781800000,0x0000000781800000,0x0000000786d80000)
 Metaspace       used 6276K, capacity 6512K, committed 6656K, reserved 1056768K
  class space    used 678K, capacity 764K, committed 768K, reserved 1048576K
Event: 0.454 GC heap after
Heap after GC invocations=1 (full 0):
 PSYoungGen      total 38400K, used 5088K [0x00000007ab300000, 0x00000007afe00000, 0x00000007c0000000)
  eden space 33280K, 0% used [0x00000007ab300000,0x00000007ab300000,0x00000007ad380000)
  from space 5120K, 99% used [0x00000007ad380000,0x00000007ad878040,0x00000007ad880000)
  to   space 5120K, 0% used [0x00000007af900000,0x00000007af900000,0x00000007afe00000)
 ParOldGen       total 87552K, used 11869K [0x0000000781800000, 0x0000000786d80000, 0x00000007ab300000)
  object space 87552K, 13% used [0x0000000781800000,0x00000007823976b0,0x0000000786d80000)
 Metaspace       used 6276K, capacity 6512K, committed 6656K, reserved 1056768K
  class space    used 678K, capacity 764K, committed 768K, reserved 1048576K
}
Event: 0.537 GC heap before
{Heap before GC invocations=2 (full 0):
 PSYoungGen      total 38400K, used 37905K [0x00000007ab300000, 0x00000007afe00000, 0x00000007c0000000)
  eden space 33280K, 98% used [0x00000007ab300000,0x00000007ad30c788,0x00000007ad380000)
  from space 5120K, 99% used [0x00000007ad380000,0x00000007ad878040,0x00000007ad880000)
  to   space 5120K, 0% used [0x00000007af900000,0x00000007af900000,0x00000007afe00000)
 ParOldGen       total 87552K, used 11869K [0x0000000781800000, 0x0000000786d80000, 0x00000007ab300000)
  object space 87552K, 13% used [0x0000000781800000,0x00000007823976b0,0x0000000786d80000)
 Metaspace       used 6281K, capacity 6512K, committed 6656K, reserved 1056768K
  class space    used 678K, capacity 764K, committed 768K, reserved 1048576K
Event: 0.551 GC heap after
Heap after GC invocations=2 (full 0):
 PSYoungGen      total 71680K, used 5088K [0x00000007ab300000, 0x00000007afe00000, 0x00000007c0000000)
  eden space 66560K, 0% used [0x00000007ab300000,0x00000007ab300000,0x00000007af400000)
  from space 5120K, 99% used [0x00000007af900000,0x00000007afdf8030,0x00000007afe00000)
  to   space 5120K, 0% used [0x00000007af400000,0x00000007af400000,0x00000007af900000)
 ParOldGen       total 87552K, used 25973K [0x0000000781800000, 0x0000000786d80000, 0x00000007ab300000)
  object space 87552K, 29% used [0x0000000781800000,0x000000078315d6c0,0x0000000786d80000)
 Metaspace       used 6281K, capacity 6512K, committed 6656K, reserved 1056768K
  class space    used 678K, capacity 764K, committed 768K, reserved 1048576K
}
Event: 0.799 GC heap before
{Heap before GC invocations=3 (full 0):
 PSYoungGen      total 71680K, used 70146K [0x00000007ab300000, 0x00000007afe00000, 0x00000007c0000000)
  eden space 66560K, 97% used [0x00000007ab300000,0x00000007af288ba0,0x00000007af400000)
  from space 5120K, 99% used [0x00000007af900000,0x00000007afdf8030,0x00000007afe00000)
  to   space 5120K, 0% used [0x00000007af400000,0x00000007af400000,0x00000007af900000)
 ParOldGen       total 87552K, used 25973K [0x0000000781800000, 0x0000000786d80000, 0x00000007ab300000)
  object space 87552K, 29% used [0x0000000781800000,0x000000078315d6c0,0x0000000786d80000)
 Metaspace       used 6333K, capacity 6548K, committed 6784K, reserved 1056768K
  class space    used 683K, capacity 770K, committed 896K, reserved 1048576K
Event: 0.828 GC heap after
Heap after GC invocations=3 (full 0):
 PSYoungGen      total 71680K, used 5093K [0x00000007ab300000, 0x00000007b3f00000, 0x00000007c0000000)
  eden space 66560K, 0% used [0x00000007ab300000,0x00000007ab300000,0x00000007af400000)
  from space 5120K, 99% used [0x00000007af400000,0x00000007af8f9580,0x00000007af900000)
  to   space 5120K, 0% used [0x00000007b3a00000,0x00000007b3a00000,0x00000007b3f00000)
 ParOldGen       total 87552K, used 60277K [0x0000000781800000, 0x0000000786d80000, 0x00000007ab300000)
  object space 87552K, 68% used [0x0000000781800000,0x00000007852dd710,0x0000000786d80000)
 Metaspace       used 6333K, capacity 6548K, committed 6784K, reserved 1056768K
  class space    used 683K, capacity 770K, committed 896K, reserved 1048576K
}
Event: 0.828 GC heap before
{Heap before GC invocations=4 (full 1):
 PSYoungGen      total 71680K, used 5093K [0x00000007ab300000, 0x00000007b3f00000, 0x00000007c0000000)
  eden space 66560K, 0% used [0x00000007ab300000,0x00000007ab300000,0x00000007af400000)
  from space 5120K, 99% used [0x00000007af400000,0x00000007af8f9580,0x00000007af900000)
  to   space 5120K, 0% used [0x00000007b3a00000,0x00000007b3a00000,0x00000007b3f00000)
 ParOldGen       total 87552K, used 60277K [0x0000000781800000, 0x0000000786d80000, 0x00000007ab300000)
  object space 87552K, 68% used [0x0000000781800000,0x00000007852dd710,0x0000000786d80000)
 Metaspace       used 6333K, capacity 6548K, committed 6784K, reserved 1056768K
  class space    used 683K, capacity 770K, committed 896K, reserved 1048576K

